
--- Job pscopf.gms Start 09/16/16 13:56:11 24.7.3 r58181 WEX-WEI x86 64bit/MS Windows
GAMS 24.7.3   Copyright (C) 1987-2016 GAMS Development. All rights reserved
Licensee: Small MUD - 5 User License                     G160411:0805CO-WIN
          Pacific Northwest National Laboratory                     DC12422
          License Admin: Nader Samaan, nader.samaan@pnnl.gov               
--- Starting compilation
--- pscopf.gms(130) 2 Mb
--- GDXin=C:\Users\holz501\Documents\projects\arpa-e competition\pscopf\pscopf_data.gdx
--- pscopf.gms(503) 3 Mb
--- .pscopf_output_format0.gms(67) 3 Mb
--- pscopf.gms(504) 3 Mb
--- .pscopf_output_format1.gms(38) 3 Mb
--- pscopf.gms(504) 3 Mb
--- Starting execution: elapsed 0:00:00.005
--- pscopf.gms(479) 4 Mb
--- Generating NLP model pscopf_pen
--- pscopf.gms(484) 6 Mb
---   179 rows  149 columns  637 non-zeroes
---   1,968 nl-code  406 nl-non-zeroes
--- pscopf.gms(484) 4 Mb
--- Executing KNITRO: elapsed 0:00:00.032

KNITRO           24.7.3 r58181 Released Jul 11, 2016 WEI x86 64bit/MS Windows 

Artelys Knitro Optimizer 10.1.0

=======================================
          Commercial License
         Artelys Knitro 10.1.0
=======================================

Knitro presolve eliminated 30 variables 
and 30 constraints.

hessian_no_f:         1
maxtime_real:         1000
par_concurrent_evals: 0
Knitro changing algorithm from AUTO to 1.
Knitro changing bar_initpt from AUTO to 3.
Knitro changing bar_murule from AUTO to 4.
Knitro changing bar_penaltycons from AUTO to 1.
Knitro changing bar_penaltyrule from AUTO to 2.
Knitro changing bar_switchrule from AUTO to 2.
Knitro changing linsolver from AUTO to 2.
Knitro shifted start point to satisfy presolved bounds (28 variables).
Knitro fixing 28 variables eliminated from the presolve.
Knitro reinitializing 2 variables eliminated from the presolve.

Problem Characteristics                    ( Presolved)
-----------------------
Objective goal:  Minimize
Number of variables:                   148 (       118)
    bounded below:                       0 (         0)
    bounded above:                       0 (         0)
    bounded below and above:            24 (        24)
    fixed:                               0 (         0)
    free:                              124 (        94)
Number of constraints:                 178 (       148)
    linear equalities:                  56 (        27)
    nonlinear equalities:               82 (        81)
    linear inequalities:                 0 (         0)
    nonlinear inequalities:             40 (        40)
    range:                               0 (         0)
Number of nonzeros in Jacobian:        634 (       571)
Number of nonzeros in Hessian:         247 (       247)

  Iter      Objective      FeasError   OptError    ||Step||    CGits 
--------  --------------  ----------  ----------  ----------  -------
       0   2.703025e+007  1.471e+002
      10   9.944997e+006  1.107e+002  6.587e+001  8.421e+000        2
      20   6.525386e+005  2.445e+001  1.720e+001  4.578e+000        1
      30   9.932080e+004  1.105e+001  1.522e+001  1.219e-001        0
      40   5.928984e+004  1.078e+001  3.989e+001  9.563e-001        0
      50   2.009384e+004  5.593e+000  1.578e+000  8.798e-002        0
      60   5.817235e+003  7.274e-003  1.872e-003  5.696e-001        0
      65   5.808739e+003  2.707e-006  6.454e-008  3.276e-001        0

EXIT: Locally optimal solution found.

Final Statistics
----------------
Final objective value               =  5.80873901673417e+003
Final feasibility error (abs / rel) =   2.71e-006 / 1.84e-008
Final optimality error  (abs / rel) =   6.45e-008 / 4.62e-008
# of iterations                     =         65 
# of CG iterations                  =         51 
# of function evaluations           =         68
# of gradient evaluations           =         67
# of Hessian evaluations            =         66
Total program time (secs)           =       0.147 (     0.062 CPU time)
Time spent in evaluations (secs)    =       0.009

===============================================================================

Solve finished: status = optimal
--- Restarting execution
--- pscopf.gms(484) 2 Mb
--- Reading solution for model pscopf_pen
--- Executing after solve: elapsed 0:00:00.346
--- pscopf.gms(605) 3 Mb
--- Putfile outputfile0 C:\Users\holz501\Documents\projects\arpa-e competition\pscopf\out0.txt
--- Putfile outputfile1 C:\Users\holz501\Documents\projects\arpa-e competition\pscopf\out1.txt
*** Status: Normal completion
--- Job pscopf.gms Stop 09/16/16 13:56:11 elapsed 0:00:00.359
